[35m[HTTP][39m [37m-->[39m [37mPOST[39m [37m/session[39m
[35m[HTTP][39m [90m{"capabilities":{"alwaysMatch":{"platformName":"Android","appium:platformVersion":"11","appium:app":"C:\\Users\\hp\\Desktop\\appiumIO\\app\\android\\Android_Demo_App.apk","appium:automationName":"UiAutomator2"},"firstMatch":[{}]},"desiredCapabilities":{"platformName":"Android","appium:platformVersion":"11","appium:app":"C:\\Users\\hp\\Desktop\\appiumIO\\app\\android\\Android_Demo_App.apk","appium:automationName":"UiAutomator2"}}[39m
[debug] [35m[AppiumDriver@391f][39m Calling AppiumDriver.createSession() with args: [{"platformName":"Android","appium:platformVersion":"11","appium:app":"C:\\Users\\hp\\Desktop\\appiumIO\\app\\android\\Android_Demo_App.apk","appium:automationName":"UiAutomator2"},null,{"alwaysMatch":{"platformName":"Android","appium:platformVersion":"11","appium:app":"C:\\Users\\hp\\Desktop\\appiumIO\\app\\android\\Android_Demo_App.apk","appium:automationName":"UiAutomator2"},"firstMatch":[{}]}]
[debug] [35m[AppiumDriver@391f][39m Event 'newSessionRequested' logged at 1670861979059 (22:19:39 GMT+0600 (Bangladesh Standard Time))
[35m[Appium][39m Attempting to find matching driver for automationName 'UiAutomator2' and platformName 'Android'
[35m[Appium][39m The 'uiautomator2' driver was installed and matched caps.
[35m[Appium][39m Will require it at C:\Users\hp\Desktop\appiumIO\node_modules\appium-uiautomator2-driver
[debug] [35m[Appium][39m Requiring driver at C:\Users\hp\Desktop\appiumIO\node_modules\appium-uiautomator2-driver
[35m[AppiumDriver@391f][39m Appium v2.0.0-beta.46 creating new AndroidUiautomator2Driver (v2.12.0) session
[35m[AppiumDriver@391f][39m Checking BaseDriver versions for Appium and AndroidUiautomator2Driver
[35m[AppiumDriver@391f][39m Appium's BaseDriver version is 8.7.3
[35m[AppiumDriver@391f][39m AndroidUiautomator2Driver's BaseDriver version is 8.7.3
[debug] [35m[AndroidUiautomator2Driver@3508][39m Creating session with W3C capabilities: {
[debug] [35m[AndroidUiautomator2Driver@3508][39m   "alwaysMatch": {
[debug] [35m[AndroidUiautomator2Driver@3508][39m     "platformName": "Android",
[debug] [35m[AndroidUiautomator2Driver@3508][39m     "appium:platformVersion": "11",
[debug] [35m[AndroidUiautomator2Driver@3508][39m     "appium:app": "C:\\Users\\hp\\Desktop\\appiumIO\\app\\android\\Android_Demo_App.apk",
[debug] [35m[AndroidUiautomator2Driver@3508][39m     "appium:automationName": "UiAutomator2"
[debug] [35m[AndroidUiautomator2Driver@3508][39m   },
[debug] [35m[AndroidUiautomator2Driver@3508][39m   "firstMatch": [
[debug] [35m[AndroidUiautomator2Driver@3508][39m     {}
[debug] [35m[AndroidUiautomator2Driver@3508][39m   ]
[debug] [35m[AndroidUiautomator2Driver@3508][39m }
[35m[AndroidUiautomator2Driver@3508 (5a74ddad)][39m Session created with session id: 5a74ddad-5d52-4c4a-94b3-a33ccb7913bc
[35m[BaseDriver][39m Using local app 'C:\Users\hp\Desktop\appiumIO\app\android\Android_Demo_App.apk'
[debug] [35m[AndroidUiautomator2Driver@3508 (5a74ddad)][39m Checking whether app is actually present
[35m[ADB][39m Found 2 'build-tools' folders under 'C:\Users\hp\AppData\Local\Android\Sdk' (newest first):
[35m[ADB][39m     C:/Users/hp/AppData/Local/Android/Sdk/build-tools/33.0.0
[35m[ADB][39m     C:/Users/hp/AppData/Local/Android/Sdk/build-tools/30.0.3
[35m[ADB][39m Using 'adb.exe' from 'C:\Users\hp\AppData\Local\Android\Sdk\platform-tools\adb.exe'
[debug] [35m[ADB][39m Running 'C:\Users\hp\AppData\Local\Android\Sdk\platform-tools\adb.exe -P 5037 start-server'
[35m[AndroidDriver][39m Retrieving device list
[debug] [35m[ADB][39m Trying to find a connected android device
[debug] [35m[ADB][39m Getting connected devices
[debug] [35m[ADB][39m Connected devices: [{"udid":"55ef07100406","state":"device"}]
[35m[AndroidDriver][39m Looking for a device with Android '11.0.0'
[debug] [35m[ADB][39m Setting device id to 55ef07100406
[35m[ADB][39m Getting device platform version
[debug] [35m[ADB][39m Running 'C:\Users\hp\AppData\Local\Android\Sdk\platform-tools\adb.exe -P 5037 -s 55ef07100406 shell getprop ro.build.version.release'
[debug] [35m[ADB][39m Current device property 'ro.build.version.release': 11
[35m[AndroidDriver][39m Using device: 55ef07100406
[35m[ADB][39m Using 'adb.exe' from 'C:\Users\hp\AppData\Local\Android\Sdk\platform-tools\adb.exe'
[debug] [35m[ADB][39m Running 'C:\Users\hp\AppData\Local\Android\Sdk\platform-tools\adb.exe -P 5037 start-server'
[debug] [35m[ADB][39m Setting device id to 55ef07100406
[debug] [35m[ADB][39m Running 'C:\Users\hp\AppData\Local\Android\Sdk\platform-tools\adb.exe -P 5037 -s 55ef07100406 shell getprop ro.build.version.sdk'
[debug] [35m[ADB][39m Current device property 'ro.build.version.sdk': 30
[35m[ADB][39m Getting device platform version
[debug] [35m[ADB][39m Running 'C:\Users\hp\AppData\Local\Android\Sdk\platform-tools\adb.exe -P 5037 -s 55ef07100406 shell getprop ro.build.version.release'
[debug] [35m[ADB][39m Current device property 'ro.build.version.release': 11
[debug] [35m[ADB][39m Device API level: 30
[35m[AndroidUiautomator2Driver@3508 (5a74ddad)][39m Relaxing hidden api policy
[debug] [35m[ADB][39m Running 'C:\Users\hp\AppData\Local\Android\Sdk\platform-tools\adb.exe -P 5037 -s 55ef07100406 shell 'settings put global hidden_api_policy_pre_p_apps 1;settings put global hidden_api_policy_p_apps 1;settings put global hidden_api_policy 1''
[debug] [35m[AndroidDriver][39m Parsing package and activity from app manifest
[35m[ADB][39m Package name: 'com.code2lead.kwad'
[35m[ADB][39m Main activity name: 'com.code2lead.kwad.MainActivity'
[debug] [35m[AndroidDriver][39m Parsed package and activity are: com.code2lead.kwad/com.code2lead.kwad.MainActivity
[debug] [35m[ADB][39m Running 'C:\Users\hp\AppData\Local\Android\Sdk\platform-tools\adb.exe -P 5037 -s 55ef07100406 wait-for-device'
[debug] [35m[ADB][39m Running 'C:\Users\hp\AppData\Local\Android\Sdk\platform-tools\adb.exe -P 5037 -s 55ef07100406 shell echo ping'
[debug] [35m[AndroidDriver][39m Pushing settings apk to device...
[debug] [35m[ADB][39m Getting install status for io.appium.settings
[debug] [35m[ADB][39m Running 'C:\Users\hp\AppData\Local\Android\Sdk\platform-tools\adb.exe -P 5037 -s 55ef07100406 shell dumpsys package io.appium.settings'
[debug] [35m[ADB][39m 'io.appium.settings' is installed
[debug] [35m[ADB][39m Getting package info for 'io.appium.settings'
[debug] [35m[ADB][39m Running 'C:\Users\hp\AppData\Local\Android\Sdk\platform-tools\adb.exe -P 5037 -s 55ef07100406 shell dumpsys package io.appium.settings'
[debug] [35m[ADB][39m The version name of the installed 'io.appium.settings' is greater or equal to the application version name ('4.2.4' >= '4.2.4')
[debug] [35m[ADB][39m There is no need to install/upgrade 'C:\Users\hp\Desktop\appiumIO\node_modules\appium-uiautomator2-driver\node_modules\io.appium.settings\apks\settings_apk-debug.apk'
[debug] [35m[ADB][39m Getting IDs of all 'io.appium.settings' processes
[debug] [35m[ADB][39m Running 'C:\Users\hp\AppData\Local\Android\Sdk\platform-tools\adb.exe -P 5037 -s 55ef07100406 shell 'pgrep --help; echo $?''
[debug] [35m[ADB][39m Running 'C:\Users\hp\AppData\Local\Android\Sdk\platform-tools\adb.exe -P 5037 -s 55ef07100406 shell pgrep -f \(\[\[:blank:\]\]\|\^\)io\.appium\.settings\(\[\[:blank:\]\]\|\$\)'
[debug] [35m[AndroidDriver][39m io.appium.settings is already running. There is no need to reset its permissions.
[debug] [35m[ADB][39m Running 'C:\Users\hp\AppData\Local\Android\Sdk\platform-tools\adb.exe -P 5037 -s 55ef07100406 shell appops set io.appium.settings android:mock_location allow'
[debug] [35m[ADB][39m Running 'C:\Users\hp\AppData\Local\Android\Sdk\platform-tools\adb.exe -P 5037 -s 55ef07100406 shell "[ -e '/data/local/tmp/mock_apps.json' ] && echo __PASS__"'
[35m[AndroidDriver][39m Unable to persist mock location app id 'io.appium.settings': adb.pushFile is not a function
[debug] [35m[Logcat][39m Starting logs capture with command: C:\\Users\\hp\\AppData\\Local\\Android\\Sdk\\platform-tools\\adb.exe -P 5037 -s 55ef07100406 logcat -v threadtime
[debug] [35m[AndroidUiautomator2Driver@3508 (5a74ddad)][39m Forwarding UiAutomator2 Server port 6790 to local port 8200
[debug] [35m[ADB][39m Forwarding system: 8200 to device: 6790
[debug] [35m[ADB][39m Running 'C:\Users\hp\AppData\Local\Android\Sdk\platform-tools\adb.exe -P 5037 -s 55ef07100406 forward tcp:8200 tcp:6790'
[debug] [35m[ADB][39m Getting install status for io.appium.uiautomator2.server
[debug] [35m[ADB][39m Running 'C:\Users\hp\AppData\Local\Android\Sdk\platform-tools\adb.exe -P 5037 -s 55ef07100406 shell dumpsys package io.appium.uiautomator2.server'
[debug] [35m[ADB][39m 'io.appium.uiautomator2.server' is installed
[debug] [35m[ADB][39m Getting package info for 'io.appium.uiautomator2.server'
[debug] [35m[ADB][39m Running 'C:\Users\hp\AppData\Local\Android\Sdk\platform-tools\adb.exe -P 5037 -s 55ef07100406 shell dumpsys package io.appium.uiautomator2.server'
[debug] [35m[ADB][39m The version name of the installed 'io.appium.uiautomator2.server' is greater or equal to the application version name ('5.7.5' >= '5.7.5')
[debug] [35m[AndroidUiautomator2Driver@3508 (5a74ddad)][39m io.appium.uiautomator2.server installation state: sameVersionInstalled
[debug] [35m[ADB][39m Checking app cert for C:\Users\hp\Desktop\appiumIO\node_modules\appium-uiautomator2-driver\node_modules\appium-uiautomator2-server\apks\appium-uiautomator2-server-v5.7.5.apk
[35m[ADB][39m Using 'apksigner.jar' from 'C:\Users\hp\AppData\Local\Android\Sdk\build-tools\33.0.0\lib\apksigner.jar'
[debug] [35m[ADB][39m Starting apksigner: 'C:\\Program Files\\Java\\jdk1.8.0_321\\bin\\java.exe' -Xmx1024M -Xss1m -jar C:\\Users\\hp\\AppData\\Local\\Android\\Sdk\\build-tools\\33.0.0\\lib\\apksigner.jar verify --print-certs C:\\Users\\hp\\Desktop\\appiumIO\\node_modules\\appium-uiautomator2-driver\\node_modules\\appium-uiautomator2-server\\apks\\appium-uiautomator2-server-v5.7.5.apk
[debug] [35m[ADB][39m apksigner stdout: Signer #1 certificate DN: EMAILADDRESS=android@android.com, CN=Android, OU=Android, O=Android, L=Mountain View, ST=California, C=US
[debug] [35m[ADB][39m Signer #1 certificate SHA-256 digest: a40da80a59d170caa950cf15c18c454d47a39b26989d8b640ecd745ba71bf5dc
[debug] [35m[ADB][39m Signer #1 certificate SHA-1 digest: 61ed377e85d386a8dfee6b864bd85b0bfaa5af81
[debug] [35m[ADB][39m Signer #1 certificate MD5 digest: e89b158e4bcf988ebd09eb83f5378e87
[debug] [35m[ADB][39m 
[debug] [35m[ADB][39m sha256 hash did match for 'appium-uiautomator2-server-v5.7.5.apk'
[35m[ADB][39m 'C:\Users\hp\Desktop\appiumIO\node_modules\appium-uiautomator2-driver\node_modules\appium-uiautomator2-server\apks\appium-uiautomator2-server-v5.7.5.apk' is signed with the default certificate
[debug] [35m[ADB][39m Getting install status for io.appium.uiautomator2.server.test
[debug] [35m[ADB][39m Running 'C:\Users\hp\AppData\Local\Android\Sdk\platform-tools\adb.exe -P 5037 -s 55ef07100406 shell dumpsys package io.appium.uiautomator2.server.test'
[debug] [35m[ADB][39m 'io.appium.uiautomator2.server.test' is installed
[debug] [35m[ADB][39m Checking app cert for C:\Users\hp\Desktop\appiumIO\node_modules\appium-uiautomator2-driver\node_modules\appium-uiautomator2-server\apks\appium-uiautomator2-server-debug-androidTest.apk
[debug] [35m[ADB][39m Starting apksigner: 'C:\\Program Files\\Java\\jdk1.8.0_321\\bin\\java.exe' -Xmx1024M -Xss1m -jar C:\\Users\\hp\\AppData\\Local\\Android\\Sdk\\build-tools\\33.0.0\\lib\\apksigner.jar verify --print-certs C:\\Users\\hp\\Desktop\\appiumIO\\node_modules\\appium-uiautomator2-driver\\node_modules\\appium-uiautomator2-server\\apks\\appium-uiautomator2-server-debug-androidTest.apk
[debug] [35m[ADB][39m apksigner stdout: Signer #1 certificate DN: EMAILADDRESS=android@android.com, CN=Android, OU=Android, O=Android, L=Mountain View, ST=California, C=US
[debug] [35m[ADB][39m Signer #1 certificate SHA-256 digest: a40da80a59d170caa950cf15c18c454d47a39b26989d8b640ecd745ba71bf5dc
[debug] [35m[ADB][39m Signer #1 certificate SHA-1 digest: 61ed377e85d386a8dfee6b864bd85b0bfaa5af81
[debug] [35m[ADB][39m Signer #1 certificate MD5 digest: e89b158e4bcf988ebd09eb83f5378e87
[debug] [35m[ADB][39m 
[debug] [35m[ADB][39m sha256 hash did match for 'appium-uiautomator2-server-debug-androidTest.apk'
[35m[ADB][39m 'C:\Users\hp\Desktop\appiumIO\node_modules\appium-uiautomator2-driver\node_modules\appium-uiautomator2-server\apks\appium-uiautomator2-server-debug-androidTest.apk' is signed with the default certificate
[35m[AndroidUiautomator2Driver@3508 (5a74ddad)][39m Server packages are not going to be (re)installed
[debug] [35m[AndroidUiautomator2Driver@3508 (5a74ddad)][39m Waiting up to 30000ms for services to be available
[debug] [35m[ADB][39m Running 'C:\Users\hp\AppData\Local\Android\Sdk\platform-tools\adb.exe -P 5037 -s 55ef07100406 shell pm list instrumentation'
[debug] [35m[AndroidUiautomator2Driver@3508 (5a74ddad)][39m Instrumentation target 'io.appium.uiautomator2.server.test/androidx.test.runner.AndroidJUnitRunner' is available
[35m[ADB][39m Adding packages ["io.appium.settings","io.appium.uiautomator2.server","io.appium.uiautomator2.server.test"] to Doze whitelist
[debug] [35m[ADB][39m Got the following command chunks to execute: [["dumpsys","deviceidle","whitelist","+io.appium.settings",";","dumpsys","deviceidle","whitelist","+io.appium.uiautomator2.server",";","dumpsys","deviceidle","whitelist","+io.appium.uiautomator2.server.test",";"]]
[debug] [35m[ADB][39m Running 'C:\Users\hp\AppData\Local\Android\Sdk\platform-tools\adb.exe -P 5037 -s 55ef07100406 shell dumpsys deviceidle whitelist +io.appium.settings ; dumpsys deviceidle whitelist +io.appium.uiautomator2.server ; dumpsys deviceidle whitelist +io.appium.uiautomator2.server.test ;'
[debug] [35m[ADB][39m Checking app cert for C:\Users\hp\Desktop\appiumIO\app\android\Android_Demo_App.apk
[debug] [35m[ADB][39m Starting apksigner: 'C:\\Program Files\\Java\\jdk1.8.0_321\\bin\\java.exe' -Xmx1024M -Xss1m -jar C:\\Users\\hp\\AppData\\Local\\Android\\Sdk\\build-tools\\33.0.0\\lib\\apksigner.jar verify --print-certs C:\\Users\\hp\\Desktop\\appiumIO\\app\\android\\Android_Demo_App.apk
[debug] [35m[ADB][39m apksigner stdout: Signer #1 certificate DN: C=US, O=Android, CN=Android Debug
[debug] [35m[ADB][39m Signer #1 certificate SHA-256 digest: 99e593376b31b30439abc1d9b9f26f2e308eb3ebab2d13a152de8d020af6f8d9
[debug] [35m[ADB][39m Signer #1 certificate SHA-1 digest: 0b64def5e36aead5d10ee7d8c44506cf3bff5c9a
[debug] [35m[ADB][39m Signer #1 certificate MD5 digest: ce18c1cae7fce9d4ab42679f50f12c2f
[debug] [35m[ADB][39m 
[35m[ADB][39m 'C:\Users\hp\Desktop\appiumIO\app\android\Android_Demo_App.apk' is signed with a non-default certificate
[debug] [35m[ADB][39m Getting install status for com.code2lead.kwad
[debug] [35m[ADB][39m Running 'C:\Users\hp\AppData\Local\Android\Sdk\platform-tools\adb.exe -P 5037 -s 55ef07100406 shell dumpsys package com.code2lead.kwad'
[debug] [35m[ADB][39m 'com.code2lead.kwad' is not installed
[debug] [35m[ADB][39m App 'C:\Users\hp\Desktop\appiumIO\app\android\Android_Demo_App.apk' is not installed
[debug] [35m[ADB][39m Installing 'C:\Users\hp\Desktop\appiumIO\app\android\Android_Demo_App.apk'
[debug] [35m[ADB][39m Running 'C:\Users\hp\AppData\Local\Android\Sdk\platform-tools\adb.exe -P 5037 -s 55ef07100406 help'
[debug] [35m[ADB][39m Running 'C:\Users\hp\AppData\Local\Android\Sdk\platform-tools\adb.exe -P 5037 -s 55ef07100406 features'
[35m[ADB][39m The application at 'C:\Users\hp\Desktop\appiumIO\app\android\Android_Demo_App.apk' will not be cached, because the device under test has confirmed the support of streamed installs
[debug] [35m[ADB][39m Running 'C:\Users\hp\AppData\Local\Android\Sdk\platform-tools\adb.exe -P 5037 -s 55ef07100406 install C:\Users\hp\Desktop\appiumIO\app\android\Android_Demo_App.apk'
[35m[Logcat][39m Logcat terminated with code 1, signal null
[35m[ADB][39m The installation of 'Android_Demo_App.apk' took 9705ms
[debug] [35m[ADB][39m Install command stdout: Performing Streamed Install
[debug] [35m[ADB][39m Success
[debug] [35m[AndroidUiautomator2Driver@3508 (5a74ddad)][39m Performing shallow cleanup of automation leftovers
[debug] [35m[AndroidUiautomator2Driver@3508 (5a74ddad)][39m No obsolete sessions have been detected (socket hang up)
[debug] [35m[ADB][39m Running 'C:\Users\hp\AppData\Local\Android\Sdk\platform-tools\adb.exe -P 5037 -s 55ef07100406 shell am force-stop io.appium.uiautomator2.server.test'
[35m[AndroidUiautomator2Driver@3508 (5a74ddad)][39m Starting UIAutomator2 server 5.7.5
[35m[AndroidUiautomator2Driver@3508 (5a74ddad)][39m Using UIAutomator2 server from 'C:\Users\hp\Desktop\appiumIO\node_modules\appium-uiautomator2-driver\node_modules\appium-uiautomator2-server\apks\appium-uiautomator2-server-v5.7.5.apk' and test from 'C:\Users\hp\Desktop\appiumIO\node_modules\appium-uiautomator2-driver\node_modules\appium-uiautomator2-server\apks\appium-uiautomator2-server-debug-androidTest.apk'
[35m[AndroidUiautomator2Driver@3508 (5a74ddad)][39m Waiting up to 30000ms for UiAutomator2 to be online...
[debug] [35m[ADB][39m Creating ADB subprocess with args: ["-P",5037,"-s","55ef07100406","shell","am","instrument","-w","-e","disableAnalytics",true,"io.appium.uiautomator2.server.test/androidx.test.runner.AndroidJUnitRunner"]
[debug] [35m[AndroidUiautomator2Driver@3508 (5a74ddad)][39m Matched '/status' to command name 'getStatus'
[debug] [35m[AndroidUiautomator2Driver@3508 (5a74ddad)][39m Proxying [GET /status] to [GET http://127.0.0.1:8200/status] with no body
[35m[AndroidUiautomator2Driver@3508 (5a74ddad)][39m socket hang up
[debug] [35m[AndroidUiautomator2Driver@3508 (5a74ddad)][39m Matched '/status' to command name 'getStatus'
[debug] [35m[AndroidUiautomator2Driver@3508 (5a74ddad)][39m Proxying [GET /status] to [GET http://127.0.0.1:8200/status] with no body
[35m[AndroidUiautomator2Driver@3508 (5a74ddad)][39m socket hang up
[debug] [35m[Instrumentation][39m io.appium.uiautomator2.server.test.AppiumUiAutomator2Server:
[debug] [35m[AndroidUiautomator2Driver@3508 (5a74ddad)][39m Matched '/status' to command name 'getStatus'
[debug] [35m[AndroidUiautomator2Driver@3508 (5a74ddad)][39m Proxying [GET /status] to [GET http://127.0.0.1:8200/status] with no body
[35m[AndroidUiautomator2Driver@3508 (5a74ddad)][39m socket hang up
[debug] [35m[AndroidUiautomator2Driver@3508 (5a74ddad)][39m Matched '/status' to command name 'getStatus'
[debug] [35m[AndroidUiautomator2Driver@3508 (5a74ddad)][39m Proxying [GET /status] to [GET http://127.0.0.1:8200/status] with no body
[35m[AndroidUiautomator2Driver@3508 (5a74ddad)][39m socket hang up
[debug] [35m[AndroidUiautomator2Driver@3508 (5a74ddad)][39m Matched '/status' to command name 'getStatus'
[debug] [35m[AndroidUiautomator2Driver@3508 (5a74ddad)][39m Proxying [GET /status] to [GET http://127.0.0.1:8200/status] with no body
[debug] [35m[AndroidUiautomator2Driver@3508 (5a74ddad)][39m Got response with status 200: {"sessionId":"None","value":{"message":"UiAutomator2 Server is ready to accept commands","ready":true}}
[debug] [35m[AndroidUiautomator2Driver@3508 (5a74ddad)][39m The initialization of the instrumentation process took 4288ms
[debug] [35m[AndroidUiautomator2Driver@3508 (5a74ddad)][39m Matched '/session' to command name 'createSession'
[debug] [35m[AndroidUiautomator2Driver@3508 (5a74ddad)][39m Proxying [POST /session] to [POST http://127.0.0.1:8200/session] with body: {"capabilities":{"firstMatch":[{"platform":"LINUX","webStorageEnabled":false,"takesScreenshot":true,"javascriptEnabled":true,"databaseEnabled":false,"networkConnectionEnabled":true,"locationContextEnabled":false,"warnings":{},"desired":{"platformName":"Android","platformVersion":"11","app":"C:\\Users\\hp\\Desktop\\appiumIO\\app\\android\\Android_Demo_App.apk","automationName":"UiAutomator2"},"platformName":"Android","platformVersion":"11","app":"C:\\Users\\hp\\Desktop\\appiumIO\\app\\android\\Android_Demo_App.apk","automationName":"UiAutomator2","deviceName":"55ef07100406","deviceUDID":"55ef07100406","appPackage":"com.code2lead.kwad"}],"alwaysMatch":{}}}
[debug] [35m[AndroidUiautomator2Driver@3508 (5a74ddad)][39m Got response with status 200: {"sessionId":"f8bcf350-54ab-4956-b922-5cf7f1b9940c","value":{"capabilities":{"firstMatch":[{"platform":"LINUX","webStorageEnabled":false,"takesScreenshot":true,"javascriptEnabled":true,"databaseEnabled":false,"networkConnectionEnabled":true,"locationContextEnabled":false,"warnings":{},"desired":{"platformName":"Android","platformVersion":"11","app":"C:\\Users\\hp\\Desktop\\appiumIO\\app\\android\\Android_Demo_App.apk","automationName":"UiAutomator2"},"platformName":"Android","platformVersion":"11","app":"C:\\Users\\hp\\Desktop\\appiumIO\\app\\android\\Android_Demo_App.apk","automationName":"UiAutomator2","deviceName":"55ef07100406","deviceUDID":"55ef07100406","appPackage":"com.code2lead.kwad"}],"alwaysMatch":{}},"sessionId":"f8bcf350-54ab-4956-b922-5cf7f1b9940c"}}
[35m[AndroidUiautomator2Driver@3508 (5a74ddad)][39m Determined the downstream protocol as 'W3C'
[debug] [35m[AndroidUiautomator2Driver@3508 (5a74ddad)][39m Proxying [GET /appium/device/info] to [GET http://127.0.0.1:8200/session/f8bcf350-54ab-4956-b922-5cf7f1b9940c/appium/device/info] with no body
[debug] [35m[AndroidUiautomator2Driver@3508 (5a74ddad)][39m Got response with status 200: {"sessionId":"f8bcf350-54ab-4956-b922-5cf7f1b9940c","value":{"androidId":"43c82f58d5052f57","apiVersion":"30","bluetooth":{"state":"OFF"},"brand":"Redmi","carrierName":"Banglalink","displayDensity":440,"locale":"en_GB","manufacturer":"Xiaomi","model":"M2004J19C","networks":[{"capabilities":{"SSID":null,"linkDownBandwidthKbps":56000,"linkUpstreamBandwidthKbps":56000,"networkCapabilities":"NET_CAPABILITY_NOT_METERED,NET_CAPABILITY_INTERNET,NET_CAPABILITY_NOT_RESTRICTED,NET_CAPABILITY_TRUSTED,NET_CAPABILITY_NOT_VPN,NET_CAPABILITY_VALIDATED,NET_CAPABILITY_NOT_ROAMING,NET_CAPABILITY_FOREGROUND,NET_CAPABILITY_NOT_CONGESTED,NET_CAPABILITY_NOT_SUSPENDED","signalStrength":-71,"transportTypes":"TRANSPORT_WIFI"},"detailedState":"CONNECTED","extraInfo":"","isAvailable":true,"isConnected":true,"isFailover":false,"isRoaming":false,"state":"CONNECTED","subtype":0,"subtypeName":"","type":1,"typeName":"WIFI"}],"platformVersion":"11","realDisplaySize":"1080x2340","timeZone":"Asia/Dhaka"}}
[debug] [35m[ADB][39m Running 'C:\Users\hp\AppData\Local\Android\Sdk\platform-tools\adb.exe -P 5037 -s 55ef07100406 shell dumpsys window'
[35m[AndroidDriver][39m Screen already unlocked, doing nothing
[35m[AndroidUiautomator2Driver@3508 (5a74ddad)][39m Starting 'com.code2lead.kwad/com.code2lead.kwad.MainActivity and waiting for 'com.code2lead.kwad/com.code2lead.kwad.MainActivity'
[debug] [35m[ADB][39m Running 'C:\Users\hp\AppData\Local\Android\Sdk\platform-tools\adb.exe -P 5037 -s 55ef07100406 shell am start -W -n com.code2lead.kwad/com.code2lead.kwad.MainActivity -S -a android.intent.action.MAIN -c android.intent.category.LAUNCHER -f 0x10200000'
[debug] [35m[ADB][39m Waiting up to 20000ms for activity matching pkg: 'com.code2lead.kwad' and activity: 'com.code2lead.kwad.MainActivity' to be focused
[debug] [35m[ADB][39m Possible activities, to be checked: 'com.code2lead.kwad.MainActivity', 'com.code2lead.kwad.com.code2lead.kwad.MainActivity'
[debug] [35m[ADB][39m Getting focused package and activity
[debug] [35m[ADB][39m Running 'C:\Users\hp\AppData\Local\Android\Sdk\platform-tools\adb.exe -P 5037 -s 55ef07100406 shell dumpsys window displays'
[debug] [35m[ADB][39m Found package: 'com.code2lead.kwad' and fully qualified activity name : 'com.code2lead.kwad.MainActivity'
[debug] [35m[AndroidUiautomator2Driver@3508 (5a74ddad)][39m Proxying [GET /appium/device/pixel_ratio] to [GET http://127.0.0.1:8200/session/f8bcf350-54ab-4956-b922-5cf7f1b9940c/appium/device/pixel_ratio] with no body
[debug] [35m[AndroidUiautomator2Driver@3508 (5a74ddad)][39m Got response with status 200: {"sessionId":"f8bcf350-54ab-4956-b922-5cf7f1b9940c","value":2.75}
[debug] [35m[AndroidUiautomator2Driver@3508 (5a74ddad)][39m Matched '/appium/device/system_bars' to command name 'getSystemBars'
[debug] [35m[AndroidUiautomator2Driver@3508 (5a74ddad)][39m Proxying [GET /appium/device/system_bars] to [GET http://127.0.0.1:8200/session/f8bcf350-54ab-4956-b922-5cf7f1b9940c/appium/device/system_bars] with no body
[debug] [35m[AndroidUiautomator2Driver@3508 (5a74ddad)][39m Got response with status 200: {"sessionId":"f8bcf350-54ab-4956-b922-5cf7f1b9940c","value":{"statusBar":76}}
[debug] [35m[AndroidUiautomator2Driver@3508 (5a74ddad)][39m Matched '/window/current/size' to command name 'getWindowSize'
[debug] [35m[AndroidUiautomator2Driver@3508 (5a74ddad)][39m Proxying [GET /window/current/size] to [GET http://127.0.0.1:8200/session/f8bcf350-54ab-4956-b922-5cf7f1b9940c/window/current/size] with no body
[debug] [35m[AndroidUiautomator2Driver@3508 (5a74ddad)][39m Got response with status 200: {"sessionId":"f8bcf350-54ab-4956-b922-5cf7f1b9940c","value":{"height":2134,"width":1080}}
[35m[AppiumDriver@391f][39m New AndroidUiautomator2Driver session created successfully, session 5a74ddad-5d52-4c4a-94b3-a33ccb7913bc added to master session list
[debug] [35m[AppiumDriver@391f][39m Event 'newSessionStarted' logged at 1670861999288 (22:19:59 GMT+0600 (Bangladesh Standard Time))
[debug] [35m[AndroidUiautomator2Driver@3508 (5a74ddad)][39m Cached the protocol value 'W3C' for the new session 5a74ddad-5d52-4c4a-94b3-a33ccb7913bc
[debug] [35m[AndroidUiautomator2Driver@3508 (5a74ddad)][39m Responding to client with driver.createSession() result: {"capabilities":{"platform":"LINUX","webStorageEnabled":false,"takesScreenshot":true,"javascriptEnabled":true,"databaseEnabled":false,"networkConnectionEnabled":true,"locationContextEnabled":false,"warnings":{},"desired":{"platformName":"Android","platformVersion":"11","app":"C:\\Users\\hp\\Desktop\\appiumIO\\app\\android\\Android_Demo_App.apk","automationName":"UiAutomator2"},"platformName":"Android","platformVersion":"11","app":"C:\\Users\\hp\\Desktop\\appiumIO\\app\\android\\Android_Demo_App.apk","automationName":"UiAutomator2","deviceName":"55ef07100406","deviceUDID":"55ef07100406","appPackage":"com.code2lead.kwad","deviceApiLevel":30,"deviceScreenSize":"1080x2340","deviceScreenDensity":440,"deviceModel":"M2004J19C","deviceManufacturer":"Xiaomi","pixelRatio":2.75,"statBarHeight":76,"viewportRect":{"left":0,"top":76,"width":1080,"height":2058}}}
[35m[HTTP][39m [37m<-- POST /session [39m[32m200[39m [90m20238 ms - 921[39m
[35m[HTTP][39m [90m[39m
[35m[HTTP][39m [37m-->[39m [37mPOST[39m [37m/session/5a74ddad-5d52-4c4a-94b3-a33ccb7913bc/element[39m
[35m[HTTP][39m [90m{"using":"accessibility id","value":"App"}[39m
[debug] [35m[AndroidUiautomator2Driver@3508 (5a74ddad)][39m Calling AppiumDriver.findElement() with args: ["accessibility id","App","5a74ddad-5d52-4c4a-94b3-a33ccb7913bc"]
[debug] [35m[AndroidUiautomator2Driver@3508 (5a74ddad)][39m Valid locator strategies for this request: xpath, id, class name, accessibility id, css selector, -android uiautomator
[debug] [35m[AndroidUiautomator2Driver@3508 (5a74ddad)][39m Waiting up to 0 ms for condition
[debug] [35m[AndroidUiautomator2Driver@3508 (5a74ddad)][39m Matched '/element' to command name 'findElement'
[debug] [35m[AndroidUiautomator2Driver@3508 (5a74ddad)][39m Proxying [POST /element] to [POST http://127.0.0.1:8200/session/f8bcf350-54ab-4956-b922-5cf7f1b9940c/element] with body: {"strategy":"accessibility id","selector":"App","context":"","multiple":false}
[35m[HTTP][39m [37m-->[39m [37mDELETE[39m [37m/session/5a74ddad-5d52-4c4a-94b3-a33ccb7913bc[39m
[35m[HTTP][39m [90m{}[39m
[debug] [35m[AndroidUiautomator2Driver@3508 (5a74ddad)][39m Calling AppiumDriver.deleteSession() with args: ["5a74ddad-5d52-4c4a-94b3-a33ccb7913bc"]
[debug] [35m[AppiumDriver@391f][39m Event 'quitSessionRequested' logged at 1670861999345 (22:19:59 GMT+0600 (Bangladesh Standard Time))
[35m[AppiumDriver@391f][39m Removing session 5a74ddad-5d52-4c4a-94b3-a33ccb7913bc from our master session list
[debug] [35m[AndroidUiautomator2Driver@3508 (5a74ddad)][39m Deleting UiAutomator2 session
[debug] [35m[AndroidUiautomator2Driver@3508 (5a74ddad)][39m Deleting UiAutomator2 server session
[debug] [35m[AndroidUiautomator2Driver@3508 (5a74ddad)][39m Matched '/' to command name 'deleteSession'
[debug] [35m[AndroidUiautomator2Driver@3508 (5a74ddad)][39m Proxying [DELETE /] to [DELETE http://127.0.0.1:8200/session/f8bcf350-54ab-4956-b922-5cf7f1b9940c] with no body
[debug] [35m[AndroidUiautomator2Driver@3508 (5a74ddad)][39m Got response with status 200: {"sessionId":"f8bcf350-54ab-4956-b922-5cf7f1b9940c","value":null}
[debug] [35m[ADB][39m Running 'C:\Users\hp\AppData\Local\Android\Sdk\platform-tools\adb.exe -P 5037 -s 55ef07100406 shell dumpsys activity services io.appium.settings/.recorder.RecorderService'
[debug] [35m[ADB][39m Running 'C:\Users\hp\AppData\Local\Android\Sdk\platform-tools\adb.exe -P 5037 -s 55ef07100406 shell am force-stop com.code2lead.kwad'
[debug] [35m[Instrumentation][39m .
[debug] [35m[Logcat][39m Stopping logcat capture
[debug] [35m[Logcat][39m Logcat already stopped
[debug] [35m[ADB][39m Removing forwarded port socket connection: 8200 
[debug] [35m[ADB][39m Running 'C:\Users\hp\AppData\Local\Android\Sdk\platform-tools\adb.exe -P 5037 -s 55ef07100406 forward --remove tcp:8200'
[35m[AndroidUiautomator2Driver@3508 (5a74ddad)][39m Restoring hidden api policy to the device default configuration
[debug] [35m[ADB][39m Running 'C:\Users\hp\AppData\Local\Android\Sdk\platform-tools\adb.exe -P 5037 -s 55ef07100406 shell 'settings delete global hidden_api_policy_pre_p_apps;settings delete global hidden_api_policy_p_apps;settings delete global hidden_api_policy''
[debug] [35m[Instrumentation][39m Time: 4.053
[debug] [35m[Instrumentation][39m 
[debug] [35m[Instrumentation][39m OK (1 test)
[35m[AndroidUiautomator2Driver@3508 (5a74ddad)][39m socket hang up
[debug] [35m[AppiumDriver@391f][39m Encountered internal error running command: UnknownError: An unknown server-side error occurred while processing the command. Original error: Could not proxy command to the remote server. Original error: socket hang up
[debug] [35m[AppiumDriver@391f][39m     at UIA2Proxy.command (C:\Users\hp\Desktop\appiumIO\node_modules\@appium\base-driver\lib\jsonwp-proxy\proxy.js:342:13)
[debug] [35m[AppiumDriver@391f][39m     at processTicksAndRejections (node:internal/process/task_queues:96:5)
[debug] [35m[AppiumDriver@391f][39m     at AndroidUiautomator2Driver.helpers.doFindElementOrEls (C:\Users\hp\Desktop\appiumIO\node_modules\appium-uiautomator2-driver\lib\commands\find.js:30:10)
[debug] [35m[AppiumDriver@391f][39m     at doFind (C:\Users\hp\Desktop\appiumIO\node_modules\appium-uiautomator2-driver\node_modules\appium-android-driver\lib\commands\find.js:36:17)
[debug] [35m[AppiumDriver@391f][39m     at wrappedCondFn (C:\Users\hp\Desktop\appiumIO\node_modules\@appium\base-driver\lib\basedriver\commands\timeout.js:138:16)
[debug] [35m[AppiumDriver@391f][39m     at spin (C:\Users\hp\Desktop\appiumIO\node_modules\asyncbox\lib\asyncbox.js:138:20)
[debug] [35m[AppiumDriver@391f][39m     at waitForCondition (C:\Users\hp\Desktop\appiumIO\node_modules\asyncbox\lib\asyncbox.js:155:10)
[debug] [35m[AppiumDriver@391f][39m     at AndroidUiautomator2Driver.implicitWaitForCondition (C:\Users\hp\Desktop\appiumIO\node_modules\@appium\base-driver\lib\basedriver\commands\timeout.js:140:14)
[debug] [35m[AppiumDriver@391f][39m     at AndroidUiautomator2Driver.findElOrEls (C:\Users\hp\Desktop\appiumIO\node_modules\appium-uiautomator2-driver\node_modules\appium-android-driver\lib\commands\find.js:60:5)
[debug] [35m[AppiumDriver@391f][39m     at AndroidUiautomator2Driver.findElOrElsWithProcessing (C:\Users\hp\Desktop\appiumIO\node_modules\@appium\base-driver\lib\basedriver\commands\find.js:80:16)
[debug] [35m[AppiumDriver@391f][39m     at AndroidUiautomator2Driver.findElement (C:\Users\hp\Desktop\appiumIO\node_modules\@appium\base-driver\lib\basedriver\commands\find.js:21:14)
[35m[HTTP][39m [37m<-- POST /session/5a74ddad-5d52-4c4a-94b3-a33ccb7913bc/element [39m[31m500[39m [90m348 ms - 1975[39m
[35m[HTTP][39m [90m[39m
[debug] [35m[AppiumDriver@391f][39m Event 'quitSessionFinished' logged at 1670861999685 (22:19:59 GMT+0600 (Bangladesh Standard Time))
[debug] [35m[AppiumDriver@391f][39m Received response: null
[debug] [35m[AppiumDriver@391f][39m But deleting session, so not returning
[debug] [35m[AppiumDriver@391f][39m Responding to client with driver.deleteSession() result: null
[35m[HTTP][39m [37m<-- DELETE /session/5a74ddad-5d52-4c4a-94b3-a33ccb7913bc [39m[32m200[39m [90m342 ms - 14[39m
[35m[HTTP][39m [90m[39m
[35m[HTTP][39m [37m-->[39m [37mPOST[39m [37m/session/5a74ddad-5d52-4c4a-94b3-a33ccb7913bc/element[39m
[35m[HTTP][39m [90m{"using":"accessibility id","value":"App"}[39m
[debug] [35m[AppiumDriver@391f][39m Encountered internal error running command: NoSuchDriverError: A session is either terminated or not started
[debug] [35m[AppiumDriver@391f][39m     at asyncHandler (C:\Users\hp\Desktop\appiumIO\node_modules\@appium\base-driver\lib\protocol\protocol.js:268:15)
[debug] [35m[AppiumDriver@391f][39m     at C:\Users\hp\Desktop\appiumIO\node_modules\@appium\base-driver\lib\protocol\protocol.js:462:15
[debug] [35m[AppiumDriver@391f][39m     at Layer.handle [as handle_request] (C:\Users\hp\Desktop\appiumIO\node_modules\express\lib\router\layer.js:95:5)
[debug] [35m[AppiumDriver@391f][39m     at next (C:\Users\hp\Desktop\appiumIO\node_modules\express\lib\router\route.js:144:13)
[debug] [35m[AppiumDriver@391f][39m     at Route.dispatch (C:\Users\hp\Desktop\appiumIO\node_modules\express\lib\router\route.js:114:3)
[debug] [35m[AppiumDriver@391f][39m     at Layer.handle [as handle_request] (C:\Users\hp\Desktop\appiumIO\node_modules\express\lib\router\layer.js:95:5)
[debug] [35m[AppiumDriver@391f][39m     at C:\Users\hp\Desktop\appiumIO\node_modules\express\lib\router\index.js:284:15
[debug] [35m[AppiumDriver@391f][39m     at param (C:\Users\hp\Desktop\appiumIO\node_modules\express\lib\router\index.js:365:14)
[debug] [35m[AppiumDriver@391f][39m     at param (C:\Users\hp\Desktop\appiumIO\node_modules\express\lib\router\index.js:376:14)
[debug] [35m[AppiumDriver@391f][39m     at Function.process_params (C:\Users\hp\Desktop\appiumIO\node_modules\express\lib\router\index.js:421:3)
[debug] [35m[AppiumDriver@391f][39m     at next (C:\Users\hp\Desktop\appiumIO\node_modules\express\lib\router\index.js:280:10)
[debug] [35m[AppiumDriver@391f][39m     at logger (C:\Users\hp\Desktop\appiumIO\node_modules\morgan\index.js:144:5)
[debug] [35m[AppiumDriver@391f][39m     at Layer.handle [as handle_request] (C:\Users\hp\Desktop\appiumIO\node_modules\express\lib\router\layer.js:95:5)
[debug] [35m[AppiumDriver@391f][39m     at trim_prefix (C:\Users\hp\Desktop\appiumIO\node_modules\express\lib\router\index.js:328:13)
[debug] [35m[AppiumDriver@391f][39m     at C:\Users\hp\Desktop\appiumIO\node_modules\express\lib\router\index.js:286:9
[debug] [35m[AppiumDriver@391f][39m     at Function.process_params (C:\Users\hp\Desktop\appiumIO\node_modules\express\lib\router\index.js:346:12)
[debug] [35m[AppiumDriver@391f][39m     at next (C:\Users\hp\Desktop\appiumIO\node_modules\express\lib\router\index.js:280:10)
[debug] [35m[AppiumDriver@391f][39m     at C:\Users\hp\Desktop\appiumIO\node_modules\body-parser\lib\read.js:137:5
[debug] [35m[AppiumDriver@391f][39m     at AsyncResource.runInAsyncScope (node:async_hooks:202:9)
[debug] [35m[AppiumDriver@391f][39m     at invokeCallback (C:\Users\hp\Desktop\appiumIO\node_modules\raw-body\index.js:231:16)
[debug] [35m[AppiumDriver@391f][39m     at done (C:\Users\hp\Desktop\appiumIO\node_modules\raw-body\index.js:220:7)
[debug] [35m[AppiumDriver@391f][39m     at IncomingMessage.onEnd (C:\Users\hp\Desktop\appiumIO\node_modules\raw-body\index.js:280:7)
[35m[HTTP][39m [37m<-- POST /session/5a74ddad-5d52-4c4a-94b3-a33ccb7913bc/element [39m[33m404[39m [90m16 ms - 2480[39m
[35m[HTTP][39m [90m[39m
[35m[HTTP][39m [37m-->[39m [37mPOST[39m [37m/session/5a74ddad-5d52-4c4a-94b3-a33ccb7913bc/element[39m
[35m[HTTP][39m [90m{"using":"accessibility id","value":"App"}[39m
[debug] [35m[AppiumDriver@391f][39m Encountered internal error running command: NoSuchDriverError: A session is either terminated or not started
[debug] [35m[AppiumDriver@391f][39m     at asyncHandler (C:\Users\hp\Desktop\appiumIO\node_modules\@appium\base-driver\lib\protocol\protocol.js:268:15)
[debug] [35m[AppiumDriver@391f][39m     at C:\Users\hp\Desktop\appiumIO\node_modules\@appium\base-driver\lib\protocol\protocol.js:462:15
[debug] [35m[AppiumDriver@391f][39m     at Layer.handle [as handle_request] (C:\Users\hp\Desktop\appiumIO\node_modules\express\lib\router\layer.js:95:5)
[debug] [35m[AppiumDriver@391f][39m     at next (C:\Users\hp\Desktop\appiumIO\node_modules\express\lib\router\route.js:144:13)
[debug] [35m[AppiumDriver@391f][39m     at Route.dispatch (C:\Users\hp\Desktop\appiumIO\node_modules\express\lib\router\route.js:114:3)
[debug] [35m[AppiumDriver@391f][39m     at Layer.handle [as handle_request] (C:\Users\hp\Desktop\appiumIO\node_modules\express\lib\router\layer.js:95:5)
[debug] [35m[AppiumDriver@391f][39m     at C:\Users\hp\Desktop\appiumIO\node_modules\express\lib\router\index.js:284:15
[debug] [35m[AppiumDriver@391f][39m     at param (C:\Users\hp\Desktop\appiumIO\node_modules\express\lib\router\index.js:365:14)
[debug] [35m[AppiumDriver@391f][39m     at param (C:\Users\hp\Desktop\appiumIO\node_modules\express\lib\router\index.js:376:14)
[debug] [35m[AppiumDriver@391f][39m     at Function.process_params (C:\Users\hp\Desktop\appiumIO\node_modules\express\lib\router\index.js:421:3)
[debug] [35m[AppiumDriver@391f][39m     at next (C:\Users\hp\Desktop\appiumIO\node_modules\express\lib\router\index.js:280:10)
[debug] [35m[AppiumDriver@391f][39m     at logger (C:\Users\hp\Desktop\appiumIO\node_modules\morgan\index.js:144:5)
[debug] [35m[AppiumDriver@391f][39m     at Layer.handle [as handle_request] (C:\Users\hp\Desktop\appiumIO\node_modules\express\lib\router\layer.js:95:5)
[debug] [35m[AppiumDriver@391f][39m     at trim_prefix (C:\Users\hp\Desktop\appiumIO\node_modules\express\lib\router\index.js:328:13)
[debug] [35m[AppiumDriver@391f][39m     at C:\Users\hp\Desktop\appiumIO\node_modules\express\lib\router\index.js:286:9
[debug] [35m[AppiumDriver@391f][39m     at Function.process_params (C:\Users\hp\Desktop\appiumIO\node_modules\express\lib\router\index.js:346:12)
[debug] [35m[AppiumDriver@391f][39m     at next (C:\Users\hp\Desktop\appiumIO\node_modules\express\lib\router\index.js:280:10)
[debug] [35m[AppiumDriver@391f][39m     at C:\Users\hp\Desktop\appiumIO\node_modules\body-parser\lib\read.js:137:5
[debug] [35m[AppiumDriver@391f][39m     at AsyncResource.runInAsyncScope (node:async_hooks:202:9)
[debug] [35m[AppiumDriver@391f][39m     at invokeCallback (C:\Users\hp\Desktop\appiumIO\node_modules\raw-body\index.js:231:16)
[debug] [35m[AppiumDriver@391f][39m     at done (C:\Users\hp\Desktop\appiumIO\node_modules\raw-body\index.js:220:7)
[debug] [35m[AppiumDriver@391f][39m     at IncomingMessage.onEnd (C:\Users\hp\Desktop\appiumIO\node_modules\raw-body\index.js:280:7)
[35m[HTTP][39m [37m<-- POST /session/5a74ddad-5d52-4c4a-94b3-a33ccb7913bc/element [39m[33m404[39m [90m5 ms - 2480[39m
[35m[HTTP][39m [90m[39m
[35m[HTTP][39m [37m-->[39m [37mPOST[39m [37m/session/5a74ddad-5d52-4c4a-94b3-a33ccb7913bc/element[39m
[35m[HTTP][39m [90m{"using":"accessibility id","value":"App"}[39m
[debug] [35m[AppiumDriver@391f][39m Encountered internal error running command: NoSuchDriverError: A session is either terminated or not started
[debug] [35m[AppiumDriver@391f][39m     at asyncHandler (C:\Users\hp\Desktop\appiumIO\node_modules\@appium\base-driver\lib\protocol\protocol.js:268:15)
[debug] [35m[AppiumDriver@391f][39m     at C:\Users\hp\Desktop\appiumIO\node_modules\@appium\base-driver\lib\protocol\protocol.js:462:15
[debug] [35m[AppiumDriver@391f][39m     at Layer.handle [as handle_request] (C:\Users\hp\Desktop\appiumIO\node_modules\express\lib\router\layer.js:95:5)
[debug] [35m[AppiumDriver@391f][39m     at next (C:\Users\hp\Desktop\appiumIO\node_modules\express\lib\router\route.js:144:13)
[debug] [35m[AppiumDriver@391f][39m     at Route.dispatch (C:\Users\hp\Desktop\appiumIO\node_modules\express\lib\router\route.js:114:3)
[debug] [35m[AppiumDriver@391f][39m     at Layer.handle [as handle_request] (C:\Users\hp\Desktop\appiumIO\node_modules\express\lib\router\layer.js:95:5)
[debug] [35m[AppiumDriver@391f][39m     at C:\Users\hp\Desktop\appiumIO\node_modules\express\lib\router\index.js:284:15
[debug] [35m[AppiumDriver@391f][39m     at param (C:\Users\hp\Desktop\appiumIO\node_modules\express\lib\router\index.js:365:14)
[debug] [35m[AppiumDriver@391f][39m     at param (C:\Users\hp\Desktop\appiumIO\node_modules\express\lib\router\index.js:376:14)
[debug] [35m[AppiumDriver@391f][39m     at Function.process_params (C:\Users\hp\Desktop\appiumIO\node_modules\express\lib\router\index.js:421:3)
[debug] [35m[AppiumDriver@391f][39m     at next (C:\Users\hp\Desktop\appiumIO\node_modules\express\lib\router\index.js:280:10)
[debug] [35m[AppiumDriver@391f][39m     at logger (C:\Users\hp\Desktop\appiumIO\node_modules\morgan\index.js:144:5)
[debug] [35m[AppiumDriver@391f][39m     at Layer.handle [as handle_request] (C:\Users\hp\Desktop\appiumIO\node_modules\express\lib\router\layer.js:95:5)
[debug] [35m[AppiumDriver@391f][39m     at trim_prefix (C:\Users\hp\Desktop\appiumIO\node_modules\express\lib\router\index.js:328:13)
[debug] [35m[AppiumDriver@391f][39m     at C:\Users\hp\Desktop\appiumIO\node_modules\express\lib\router\index.js:286:9
[debug] [35m[AppiumDriver@391f][39m     at Function.process_params (C:\Users\hp\Desktop\appiumIO\node_modules\express\lib\router\index.js:346:12)
[debug] [35m[AppiumDriver@391f][39m     at next (C:\Users\hp\Desktop\appiumIO\node_modules\express\lib\router\index.js:280:10)
[debug] [35m[AppiumDriver@391f][39m     at C:\Users\hp\Desktop\appiumIO\node_modules\body-parser\lib\read.js:137:5
[debug] [35m[AppiumDriver@391f][39m     at AsyncResource.runInAsyncScope (node:async_hooks:202:9)
[debug] [35m[AppiumDriver@391f][39m     at invokeCallback (C:\Users\hp\Desktop\appiumIO\node_modules\raw-body\index.js:231:16)
[debug] [35m[AppiumDriver@391f][39m     at done (C:\Users\hp\Desktop\appiumIO\node_modules\raw-body\index.js:220:7)
[debug] [35m[AppiumDriver@391f][39m     at IncomingMessage.onEnd (C:\Users\hp\Desktop\appiumIO\node_modules\raw-body\index.js:280:7)
[35m[HTTP][39m [37m<-- POST /session/5a74ddad-5d52-4c4a-94b3-a33ccb7913bc/element [39m[33m404[39m [90m4 ms - 2480[39m
[35m[HTTP][39m [90m[39m
